17.06.2015 16:10:10	Этот журнал содержит сведения об операции импорта схемы в проект "SpeCalc" на компьютере "UC-1503", выполненной пользователем "Anton.Rehov".
17.06.2015 16:10:10	Импорт схемы базы данных начат.
17.06.2015 16:10:18	Идет сбор параметров базы данных
17.06.2015 16:10:18	Идет сбор пользователей
17.06.2015 16:10:18	Идет сбор ролей
17.06.2015 16:10:18	Идет сбор ролей приложений
17.06.2015 16:10:18	Идет сбор членств ролей
17.06.2015 16:10:18	Идет сбор файловых групп
17.06.2015 16:10:18	Идет сбор полнотекстовых каталогов
17.06.2015 16:10:18	Идет сбор сборок
17.06.2015 16:10:18	Идет сбор сертификатов
17.06.2015 16:10:18	Идет сбор асимметричных ключей
17.06.2015 16:10:18	Идет сбор симметричных ключей
17.06.2015 16:10:18	Идет сбор зашифрованных симметричных ключей
17.06.2015 16:10:18	Идет сбор схем
17.06.2015 16:10:19	Идет сбор коллекции схем XML
17.06.2015 16:10:19	Идет сбор определяемых пользователем типов данных
17.06.2015 16:10:19	Идет сбор определяемых пользователем типов
17.06.2015 16:10:19	Идет сбор табличных типов
17.06.2015 16:10:19	Сбор уникальных ключей для табличных типов
17.06.2015 16:10:19	Идет сбор первичных ключей для табличных типов
17.06.2015 16:10:19	Идет сбор проверочных ограничений для табличных типов
17.06.2015 16:10:19	Идет сбор ограничений по умолчанию для табличных типов
17.06.2015 16:10:19	Идет сбор функций секционирования
17.06.2015 16:10:19	Идет сбор схем секционирования
17.06.2015 16:10:19	Идет сбор функций
17.06.2015 16:10:19	Сбор зашифрованных функций
17.06.2015 16:10:19	Идет сбор статистических выражений
17.06.2015 16:10:19	Идет сбор процедур
17.06.2015 16:10:19	Сбор зашифрованных процедур
17.06.2015 16:10:19	Идет сбор таблиц
17.06.2015 16:10:19	Идет сбор первичных ключей
17.06.2015 16:10:19	Идет сбор ограничений уникальности
17.06.2015 16:10:19	Идет сбор внешних ключей
17.06.2015 16:10:19	Идет сбор ограничений по умолчанию
17.06.2015 16:10:19	Идет сбор проверочных ограничений
17.06.2015 16:10:19	Идет сбор представлений
17.06.2015 16:10:19	Сбор зашифрованных представлений
17.06.2015 16:10:19	Идет сбор индексов
17.06.2015 16:10:19	Идет сбор статистики
17.06.2015 16:10:19	Идет сбор списков стоп-слов полнотекстовых индексов
17.06.2015 16:10:19	Сбор списков свойств поиска
17.06.2015 16:10:19	Сбор свойств поиска
17.06.2015 16:10:19	Идет сбор полнотекстовых индексов
17.06.2015 16:10:19	Сбор индексов хранилища столбцов
17.06.2015 16:10:19	Идет сбор пространственных индексов
17.06.2015 16:10:19	Идет сбор XML-индексов
17.06.2015 16:10:19	Сбор селективных XML-индексов
17.06.2015 16:10:19	Сбор зашифрованных триггеров
17.06.2015 16:10:19	Идет сбор триггеров
17.06.2015 16:10:19	Идет сбор зашифрованных триггеров и триггеров ddl clr
17.06.2015 16:10:19	Идет сбор триггеров ddl
17.06.2015 16:10:19	Идет сбор синонимов
17.06.2015 16:10:19	Идет сбор значений по умолчанию
17.06.2015 16:10:19	Идет сбор привязок uddt ограничений данных
17.06.2015 16:10:19	Идет сбор правил
17.06.2015 16:10:19	Идет сбор привязок uddt ограничений данных
17.06.2015 16:10:19	Идет сбор типов сообщений
17.06.2015 16:10:19	Идет сбор списков ожидания
17.06.2015 16:10:19	Идет сбор контрактов
17.06.2015 16:10:19	Идет сбор служб
17.06.2015 16:10:19	Идет сбор уведомлений о событиях
17.06.2015 16:10:19	Идет сбор привязок удаленных служб
17.06.2015 16:10:19	Идет сбор приоритетов брокера
17.06.2015 16:10:19	Идет сбор подписей
17.06.2015 16:10:19	Идет сбор параметров сжатия данных
17.06.2015 16:10:19	Сбор типов последовательностей
17.06.2015 16:10:19	Идет сбор расширенных свойств
17.06.2015 16:10:19	Идет сбор учетных данных
17.06.2015 16:10:19	Идет сбор имен входа
17.06.2015 16:10:19	Идет сбор аудитов сервера
17.06.2015 16:10:19	Выполняется проверка проекта на наличие повторяющихся элементов
17.06.2015 16:10:19	Обработка повторяющегося элемента завершена
17.06.2015 16:10:20	Импорт базы данных завершен.
17.06.2015 16:10:20	summary операции импорта была сохранена по следующему пути: D:\GoogleDrive\Dev\GitHub\DB\UN1T_DataProvider\DataProvider\SpeCalc\Журналы импорта схем\SpeCalc_20150617111010.log
17.06.2015 16:10:20	Для продолжения нажмите кнопку ''Готово''...
