03.07.2015 15:06:36	Этот журнал содержит сведения об операции импорта схемы в проект "UnitProgDb" на компьютере "UC-1503", выполненной пользователем "anton.rehov".
03.07.2015 15:06:37	Импорт схемы базы данных начат.
03.07.2015 15:06:46	Идет сбор параметров базы данных
03.07.2015 15:06:46	Идет сбор пользователей
03.07.2015 15:06:46	Идет сбор ролей
03.07.2015 15:06:46	Идет сбор ролей приложений
03.07.2015 15:06:46	Идет сбор членств ролей
03.07.2015 15:06:46	Идет сбор файловых групп
03.07.2015 15:06:46	Идет сбор полнотекстовых каталогов
03.07.2015 15:06:46	Идет сбор сборок
03.07.2015 15:06:46	Идет сбор сертификатов
03.07.2015 15:06:46	Идет сбор асимметричных ключей
03.07.2015 15:06:46	Идет сбор симметричных ключей
03.07.2015 15:06:46	Идет сбор зашифрованных симметричных ключей
03.07.2015 15:06:46	Идет сбор схем
03.07.2015 15:06:46	Идет сбор коллекции схем XML
03.07.2015 15:06:46	Идет сбор определяемых пользователем типов данных
03.07.2015 15:06:46	Идет сбор определяемых пользователем типов
03.07.2015 15:06:46	Идет сбор табличных типов
03.07.2015 15:06:46	Сбор уникальных ключей для табличных типов
03.07.2015 15:06:46	Идет сбор первичных ключей для табличных типов
03.07.2015 15:06:46	Идет сбор проверочных ограничений для табличных типов
03.07.2015 15:06:46	Идет сбор ограничений по умолчанию для табличных типов
03.07.2015 15:06:46	Идет сбор функций секционирования
03.07.2015 15:06:46	Идет сбор схем секционирования
03.07.2015 15:06:46	Идет сбор функций
03.07.2015 15:06:46	Сбор зашифрованных функций
03.07.2015 15:06:46	Идет сбор статистических выражений
03.07.2015 15:06:46	Идет сбор процедур
03.07.2015 15:06:47	Сбор зашифрованных процедур
03.07.2015 15:06:47	Идет сбор таблиц
03.07.2015 15:06:47	Идет сбор первичных ключей
03.07.2015 15:06:47	Идет сбор ограничений уникальности
03.07.2015 15:06:47	Идет сбор внешних ключей
03.07.2015 15:06:47	Идет сбор ограничений по умолчанию
03.07.2015 15:06:48	Идет сбор проверочных ограничений
03.07.2015 15:06:48	Идет сбор представлений
03.07.2015 15:06:48	Сбор зашифрованных представлений
03.07.2015 15:06:48	Идет сбор индексов
03.07.2015 15:06:48	Идет сбор статистики
03.07.2015 15:06:48	Идет сбор списков стоп-слов полнотекстовых индексов
03.07.2015 15:06:48	Идет сбор полнотекстовых индексов
03.07.2015 15:06:48	Идет сбор пространственных индексов
03.07.2015 15:06:48	Идет сбор XML-индексов
03.07.2015 15:06:48	Сбор зашифрованных триггеров
03.07.2015 15:06:48	Идет сбор триггеров
03.07.2015 15:06:48	Идет сбор зашифрованных триггеров и триггеров ddl clr
03.07.2015 15:06:48	Идет сбор триггеров ddl
03.07.2015 15:06:48	Идет сбор синонимов
03.07.2015 15:06:48	Идет сбор значений по умолчанию
03.07.2015 15:06:48	Идет сбор привязок uddt ограничений данных
03.07.2015 15:06:48	Идет сбор правил
03.07.2015 15:06:48	Идет сбор привязок uddt ограничений данных
03.07.2015 15:06:48	Идет сбор типов сообщений
03.07.2015 15:06:48	Идет сбор списков ожидания
03.07.2015 15:06:48	Идет сбор контрактов
03.07.2015 15:06:48	Идет сбор служб
03.07.2015 15:06:48	Идет сбор уведомлений о событиях
03.07.2015 15:06:48	Идет сбор привязок удаленных служб
03.07.2015 15:06:48	Идет сбор приоритетов брокера
03.07.2015 15:06:48	Идет сбор подписей
03.07.2015 15:06:48	Идет сбор параметров сжатия данных
03.07.2015 15:06:48	Сбор разрешений базы данных
03.07.2015 15:06:48	Идет сбор расширенных свойств
03.07.2015 15:06:48	Идет сбор учетных данных
03.07.2015 15:06:48	Идет сбор имен входа
03.07.2015 15:06:48	Идет сбор аудитов сервера
03.07.2015 15:06:50	Выполняется проверка проекта на наличие повторяющихся элементов
03.07.2015 15:06:50	Обработка повторяющегося элемента завершена
03.07.2015 15:06:53	Импорт базы данных завершен.
03.07.2015 15:06:53	summary операции импорта была сохранена по следующему пути: D:\GoogleDrive\Dev\GitHub\DB\UN1T_DataProvider\DataProvider\UnitProgDb\Журналы импорта схем\UnitProgDb_20150703100636.log
03.07.2015 15:06:53	Для продолжения нажмите кнопку ''Готово''...
