03.06.2015 18:20:47	Этот журнал содержит сведения об операции импорта схемы в проект "StuffDb" на компьютере "UC-1503", выполненной пользователем "Anton.Rehov".
03.06.2015 18:20:47	Импорт схемы базы данных начат.
03.06.2015 18:20:56	Идет сбор параметров базы данных
03.06.2015 18:20:56	Идет сбор пользователей
03.06.2015 18:20:56	Идет сбор ролей
03.06.2015 18:20:56	Идет сбор ролей приложений
03.06.2015 18:20:56	Идет сбор членств ролей
03.06.2015 18:20:56	Идет сбор файловых групп
03.06.2015 18:20:56	Идет сбор полнотекстовых каталогов
03.06.2015 18:20:56	Идет сбор сборок
03.06.2015 18:20:56	Идет сбор сертификатов
03.06.2015 18:20:56	Идет сбор асимметричных ключей
03.06.2015 18:20:57	Идет сбор симметричных ключей
03.06.2015 18:20:57	Идет сбор зашифрованных симметричных ключей
03.06.2015 18:20:57	Идет сбор схем
03.06.2015 18:20:57	Идет сбор коллекции схем XML
03.06.2015 18:20:57	Идет сбор определяемых пользователем типов данных
03.06.2015 18:20:57	Идет сбор определяемых пользователем типов
03.06.2015 18:20:57	Идет сбор табличных типов
03.06.2015 18:20:57	Сбор уникальных ключей для табличных типов
03.06.2015 18:20:57	Идет сбор первичных ключей для табличных типов
03.06.2015 18:20:57	Идет сбор проверочных ограничений для табличных типов
03.06.2015 18:20:57	Идет сбор ограничений по умолчанию для табличных типов
03.06.2015 18:20:57	Идет сбор функций секционирования
03.06.2015 18:20:57	Идет сбор схем секционирования
03.06.2015 18:20:57	Идет сбор функций
03.06.2015 18:20:57	Сбор зашифрованных функций
03.06.2015 18:20:57	Идет сбор статистических выражений
03.06.2015 18:20:57	Идет сбор процедур
03.06.2015 18:20:57	Сбор зашифрованных процедур
03.06.2015 18:20:57	Идет сбор таблиц
03.06.2015 18:20:57	Идет сбор первичных ключей
03.06.2015 18:20:57	Идет сбор ограничений уникальности
03.06.2015 18:20:57	Идет сбор внешних ключей
03.06.2015 18:20:57	Идет сбор ограничений по умолчанию
03.06.2015 18:20:57	Идет сбор проверочных ограничений
03.06.2015 18:20:57	Идет сбор представлений
03.06.2015 18:20:57	Сбор зашифрованных представлений
03.06.2015 18:20:57	Идет сбор индексов
03.06.2015 18:20:57	Идет сбор статистики
03.06.2015 18:20:57	Идет сбор списков стоп-слов полнотекстовых индексов
03.06.2015 18:20:57	Идет сбор полнотекстовых индексов
03.06.2015 18:20:57	Идет сбор пространственных индексов
03.06.2015 18:20:57	Идет сбор XML-индексов
03.06.2015 18:20:57	Сбор зашифрованных триггеров
03.06.2015 18:20:57	Идет сбор триггеров
03.06.2015 18:20:57	Идет сбор зашифрованных триггеров и триггеров ddl clr
03.06.2015 18:20:57	Идет сбор триггеров ddl
03.06.2015 18:20:57	Идет сбор синонимов
03.06.2015 18:20:57	Идет сбор значений по умолчанию
03.06.2015 18:20:57	Идет сбор привязок uddt ограничений данных
03.06.2015 18:20:57	Идет сбор правил
03.06.2015 18:20:57	Идет сбор привязок uddt ограничений данных
03.06.2015 18:20:57	Идет сбор типов сообщений
03.06.2015 18:20:57	Идет сбор списков ожидания
03.06.2015 18:20:57	Идет сбор контрактов
03.06.2015 18:20:57	Идет сбор служб
03.06.2015 18:20:57	Идет сбор уведомлений о событиях
03.06.2015 18:20:57	Идет сбор привязок удаленных служб
03.06.2015 18:20:57	Идет сбор приоритетов брокера
03.06.2015 18:20:57	Идет сбор подписей
03.06.2015 18:20:57	Идет сбор параметров сжатия данных
03.06.2015 18:20:57	Идет сбор расширенных свойств
03.06.2015 18:20:57	Идет сбор учетных данных
03.06.2015 18:20:57	Идет сбор имен входа
03.06.2015 18:20:57	Идет сбор аудитов сервера
03.06.2015 18:20:58	Импорт базы данных завершен.
03.06.2015 18:20:58	summary операции импорта была сохранена по следующему пути: D:\GoogleDrive\Dev\GitHub\Stuff\Code\Stuff\StuffDb\Журналы импорта схем\StuffDb_20150603012047.log
03.06.2015 18:20:58	Для продолжения нажмите кнопку ''Готово''...
