07.07.2015 11:09:18	Этот журнал содержит сведения об операции импорта схемы в проект "EpriceDb" на компьютере "UC-1503", выполненной пользователем "anton.rehov".
07.07.2015 11:09:18	Импорт схемы базы данных начат.
07.07.2015 11:09:30	Идет сбор параметров базы данных
07.07.2015 11:09:30	Идет сбор пользователей
07.07.2015 11:09:30	Идет сбор ролей
07.07.2015 11:09:30	Идет сбор ролей приложений
07.07.2015 11:09:30	Идет сбор членств ролей
07.07.2015 11:09:30	Идет сбор файловых групп
07.07.2015 11:09:30	Идет сбор полнотекстовых каталогов
07.07.2015 11:09:30	Идет сбор сборок
07.07.2015 11:09:30	Идет сбор сертификатов
07.07.2015 11:09:30	Идет сбор асимметричных ключей
07.07.2015 11:09:30	Идет сбор симметричных ключей
07.07.2015 11:09:30	Идет сбор зашифрованных симметричных ключей
07.07.2015 11:09:30	Идет сбор схем
07.07.2015 11:09:30	Идет сбор коллекции схем XML
07.07.2015 11:09:30	Идет сбор определяемых пользователем типов данных
07.07.2015 11:09:30	Идет сбор определяемых пользователем типов
07.07.2015 11:09:30	Идет сбор табличных типов
07.07.2015 11:09:30	Сбор уникальных ключей для табличных типов
07.07.2015 11:09:30	Идет сбор первичных ключей для табличных типов
07.07.2015 11:09:30	Идет сбор проверочных ограничений для табличных типов
07.07.2015 11:09:30	Идет сбор ограничений по умолчанию для табличных типов
07.07.2015 11:09:30	Идет сбор функций секционирования
07.07.2015 11:09:30	Идет сбор схем секционирования
07.07.2015 11:09:30	Идет сбор функций
07.07.2015 11:09:30	Сбор зашифрованных функций
07.07.2015 11:09:30	Идет сбор статистических выражений
07.07.2015 11:09:30	Идет сбор процедур
07.07.2015 11:09:30	Сбор зашифрованных процедур
07.07.2015 11:09:30	Идет сбор таблиц
07.07.2015 11:09:30	Идет сбор первичных ключей
07.07.2015 11:09:30	Идет сбор ограничений уникальности
07.07.2015 11:09:30	Идет сбор внешних ключей
07.07.2015 11:09:30	Идет сбор ограничений по умолчанию
07.07.2015 11:09:30	Идет сбор проверочных ограничений
07.07.2015 11:09:30	Идет сбор представлений
07.07.2015 11:09:30	Сбор зашифрованных представлений
07.07.2015 11:09:31	Идет сбор индексов
07.07.2015 11:09:31	Идет сбор статистики
07.07.2015 11:09:31	Идет сбор списков стоп-слов полнотекстовых индексов
07.07.2015 11:09:31	Идет сбор полнотекстовых индексов
07.07.2015 11:09:31	Идет сбор пространственных индексов
07.07.2015 11:09:31	Идет сбор XML-индексов
07.07.2015 11:09:31	Сбор зашифрованных триггеров
07.07.2015 11:09:31	Идет сбор триггеров
07.07.2015 11:09:31	Идет сбор зашифрованных триггеров и триггеров ddl clr
07.07.2015 11:09:31	Идет сбор триггеров ddl
07.07.2015 11:09:31	Идет сбор синонимов
07.07.2015 11:09:31	Идет сбор значений по умолчанию
07.07.2015 11:09:31	Идет сбор привязок uddt ограничений данных
07.07.2015 11:09:31	Идет сбор правил
07.07.2015 11:09:31	Идет сбор привязок uddt ограничений данных
07.07.2015 11:09:31	Идет сбор типов сообщений
07.07.2015 11:09:31	Идет сбор списков ожидания
07.07.2015 11:09:31	Идет сбор контрактов
07.07.2015 11:09:31	Идет сбор служб
07.07.2015 11:09:31	Идет сбор уведомлений о событиях
07.07.2015 11:09:31	Идет сбор привязок удаленных служб
07.07.2015 11:09:31	Идет сбор приоритетов брокера
07.07.2015 11:09:31	Идет сбор подписей
07.07.2015 11:09:31	Идет сбор параметров сжатия данных
07.07.2015 11:09:31	Идет сбор расширенных свойств
07.07.2015 11:09:33	Идет сбор учетных данных
07.07.2015 11:09:33	Идет сбор имен входа
07.07.2015 11:09:33	Идет сбор аудитов сервера
07.07.2015 11:09:33	Выполняется проверка проекта на наличие повторяющихся элементов
07.07.2015 11:09:33	Обработка повторяющегося элемента завершена
07.07.2015 11:09:34	Импорт базы данных завершен.
07.07.2015 11:09:34	summary операции импорта была сохранена по следующему пути: D:\GoogleDrive\Dev\GitHub\DB\UN1T_DataProvider\DataProvider\EpriceDb\Журналы импорта схем\EpriceDb_20150707060918.log
07.07.2015 11:09:34	Для продолжения нажмите кнопку ''Готово''...
